# JRE version: OpenJDK Runtime Environment (8.0_152-b01) (build 1.8.0_152-release-1024-b01)
# Java VM: OpenJDK 64-Bit Server VM (25.152-b01 mixed mode linux-amd64 compressed oops)
Heap:
 PSYoungGen      total 268288K, used 5682K [0x00000000e0000000, 0x00000000f1b00000, 0x0000000100000000)
  eden space 246784K, 0% used [0x00000000e0000000,0x00000000e0000000,0x00000000ef100000)
  from space 21504K, 26% used [0x00000000ef100000,0x00000000ef68c808,0x00000000f0600000)
  to   space 14848K, 0% used [0x00000000f0c80000,0x00000000f0c80000,0x00000000f1b00000)
 ParOldGen       total 74752K, used 35939K [0x00000000a0000000, 0x00000000a4900000, 0x00000000e0000000)
  object space 74752K, 48% used [0x00000000a0000000,0x00000000a2318fe0,0x00000000a4900000)
 Metaspace       used 62480K, capacity 65020K, committed 65112K, reserved 1105920K
  class space    used 8278K, capacity 8783K, committed 8832K, reserved 1048576K
GC Heap History (10 events):
Event: 23,675 GC heap after
Heap after GC invocations=11 (full 2):
 PSYoungGen      total 134144K, used 12769K [0x00000000e0000000, 0x00000000ecd80000, 0x0000000100000000)
  eden space 121344K, 0% used [0x00000000e0000000,0x00000000e0000000,0x00000000e7680000)
  from space 12800K, 99% used [0x00000000e7680000,0x00000000e82f8740,0x00000000e8300000)
  to   space 14848K, 0% used [0x00000000ebf00000,0x00000000ebf00000,0x00000000ecd80000)
 ParOldGen       total 49664K, used 14046K [0x00000000a0000000, 0x00000000a3080000, 0x00000000e0000000)
  object space 49664K, 28% used [0x00000000a0000000,0x00000000a0db7b80,0x00000000a3080000)
 Metaspace       used 42327K, capacity 43240K, committed 43480K, reserved 1087488K
  class space    used 5858K, capacity 6109K, committed 6144K, reserved 1048576K
}
Event: 32,558 GC heap before
{Heap before GC invocations=12 (full 2):
 PSYoungGen      total 134144K, used 134113K [0x00000000e0000000, 0x00000000ecd80000, 0x0000000100000000)
  eden space 121344K, 100% used [0x00000000e0000000,0x00000000e7680000,0x00000000e7680000)
  from space 12800K, 99% used [0x00000000e7680000,0x00000000e82f8740,0x00000000e8300000)
  to   space 14848K, 0% used [0x00000000ebf00000,0x00000000ebf00000,0x00000000ecd80000)
 ParOldGen       total 49664K, used 14046K [0x00000000a0000000, 0x00000000a3080000, 0x00000000e0000000)
  object space 49664K, 28% used [0x00000000a0000000,0x00000000a0db7b80,0x00000000a3080000)
 Metaspace       used 53003K, capacity 54570K, committed 54872K, reserved 1095680K
  class space    used 7289K, capacity 7698K, committed 7808K, reserved 1048576K
Event: 32,625 GC heap after
Heap after GC invocations=12 (full 2):
 PSYoungGen      total 191488K, used 14845K [0x00000000e0000000, 0x00000000ed280000, 0x0000000100000000)
  eden space 176640K, 0% used [0x00000000e0000000,0x00000000e0000000,0x00000000eac80000)
  from space 14848K, 99% used [0x00000000ebf00000,0x00000000ecd7f500,0x00000000ecd80000)
  to   space 18944K, 0% used [0x00000000eac80000,0x00000000eac80000,0x00000000ebf00000)
 ParOldGen       total 49664K, used 19380K [0x00000000a0000000, 0x00000000a3080000, 0x00000000e0000000)
  object space 49664K, 39% used [0x00000000a0000000,0x00000000a12ed2f8,0x00000000a3080000)
 Metaspace       used 53003K, capacity 54570K, committed 54872K, reserved 1095680K
  class space    used 7289K, capacity 7698K, committed 7808K, reserved 1048576K
}
Event: 55,843 GC heap before
{Heap before GC invocations=13 (full 2):
 PSYoungGen      total 191488K, used 140785K [0x00000000e0000000, 0x00000000ed280000, 0x0000000100000000)
  eden space 176640K, 71% used [0x00000000e0000000,0x00000000e7afd2b8,0x00000000eac80000)
  from space 14848K, 99% used [0x00000000ebf00000,0x00000000ecd7f500,0x00000000ecd80000)
  to   space 18944K, 0% used [0x00000000eac80000,0x00000000eac80000,0x00000000ebf00000)
 ParOldGen       total 49664K, used 19380K [0x00000000a0000000, 0x00000000a3080000, 0x00000000e0000000)
  object space 49664K, 39% used [0x00000000a0000000,0x00000000a12ed2f8,0x00000000a3080000)
 Metaspace       used 56978K, capacity 58990K, committed 59028K, reserved 1099776K
  class space    used 7744K, capacity 8186K, committed 8192K, reserved 1048576K
Event: 55,904 GC heap after
Heap after GC invocations=13 (full 2):
 PSYoungGen      total 195584K, used 18932K [0x00000000e0000000, 0x00000000f2280000, 0x0000000100000000)
  eden space 176640K, 0% used [0x00000000e0000000,0x00000000e0000000,0x00000000eac80000)
  from space 18944K, 99% used [0x00000000eac80000,0x00000000ebefd290,0x00000000ebf00000)
  to   space 22528K, 0% used [0x00000000f0c80000,0x00000000f0c80000,0x00000000f2280000)
 ParOldGen       total 49664K, used 21042K [0x00000000a0000000, 0x00000000a3080000, 0x00000000e0000000)
  object space 49664K, 42% used [0x00000000a0000000,0x00000000a148c9c8,0x00000000a3080000)
 Metaspace       used 56978K, capacity 58990K, committed 59028K, reserved 1099776K
  class space    used 7744K, capacity 8186K, committed 8192K, reserved 1048576K
}
Event: 55,904 GC heap before
{Heap before GC invocations=14 (full 3):
 PSYoungGen      total 195584K, used 18932K [0x00000000e0000000, 0x00000000f2280000, 0x0000000100000000)
  eden space 176640K, 0% used [0x00000000e0000000,0x00000000e0000000,0x00000000eac80000)
  from space 18944K, 99% used [0x00000000eac80000,0x00000000ebefd290,0x00000000ebf00000)
  to   space 22528K, 0% used [0x00000000f0c80000,0x00000000f0c80000,0x00000000f2280000)
 ParOldGen       total 49664K, used 21042K [0x00000000a0000000, 0x00000000a3080000, 0x00000000e0000000)
  object space 49664K, 42% used [0x00000000a0000000,0x00000000a148c9c8,0x00000000a3080000)
 Metaspace       used 56978K, capacity 58990K, committed 59028K, reserved 1099776K
  class space    used 7744K, capacity 8186K, committed 8192K, reserved 1048576K
Event: 56,398 GC heap after
Heap after GC invocations=14 (full 3):
 PSYoungGen      total 195584K, used 0K [0x00000000e0000000, 0x00000000f2280000, 0x0000000100000000)
  eden space 176640K, 0% used [0x00000000e0000000,0x00000000e0000000,0x00000000eac80000)
  from space 18944K, 0% used [0x00000000eac80000,0x00000000eac80000,0x00000000ebf00000)
  to   space 22528K, 0% used [0x00000000f0c80000,0x00000000f0c80000,0x00000000f2280000)
 ParOldGen       total 74752K, used 33211K [0x00000000a0000000, 0x00000000a4900000, 0x00000000e0000000)
  object space 74752K, 44% used [0x00000000a0000000,0x00000000a206ec38,0x00000000a4900000)
 Metaspace       used 56968K, capacity 58954K, committed 59028K, reserved 1099776K
  class space    used 7740K, capacity 8180K, committed 8192K, reserved 1048576K
}
Event: 237,304 GC heap before
{Heap before GC invocations=15 (full 3):
 PSYoungGen      total 195584K, used 176640K [0x00000000e0000000, 0x00000000f2280000, 0x0000000100000000)
  eden space 176640K, 100% used [0x00000000e0000000,0x00000000eac80000,0x00000000eac80000)
  from space 18944K, 0% used [0x00000000eac80000,0x00000000eac80000,0x00000000ebf00000)
  to   space 22528K, 0% used [0x00000000f0c80000,0x00000000f0c80000,0x00000000f2280000)
 ParOldGen       total 74752K, used 33211K [0x00000000a0000000, 0x00000000a4900000, 0x00000000e0000000)
  object space 74752K, 44% used [0x00000000a0000000,0x00000000a206ec38,0x00000000a4900000)
 Metaspace       used 61747K, capacity 63924K, committed 64088K, reserved 1103872K
  class space    used 8237K, capacity 8717K, committed 8832K, reserved 1048576K
Event: 237,345 GC heap after
Heap after GC invocations=15 (full 3):
 PSYoungGen      total 261632K, used 10438K [0x00000000e0000000, 0x00000000f1b00000, 0x0000000100000000)
  eden space 246784K, 0% used [0x00000000e0000000,0x00000000e0000000,0x00000000ef100000)
  from space 14848K, 70% used [0x00000000f0c80000,0x00000000f16b1b10,0x00000000f1b00000)
  to   space 21504K, 0% used [0x00000000ef100000,0x00000000ef100000,0x00000000f0600000)
 ParOldGen       total 74752K, used 33219K [0x00000000a0000000, 0x00000000a4900000, 0x00000000e0000000)
  object space 74752K, 44% used [0x00000000a0000000,0x00000000a2070c38,0x00000000a4900000)
 Metaspace       used 61747K, capacity 63924K, committed 64088K, reserved 1103872K
  class space    used 8237K, capacity 8717K, committed 8832K, reserved 1048576K
}
Event: 642,525 GC heap before
{Heap before GC invocations=16 (full 3):
 PSYoungGen      total 261632K, used 257222K [0x00000000e0000000, 0x00000000f1b00000, 0x0000000100000000)
  eden space 246784K, 100% used [0x00000000e0000000,0x00000000ef100000,0x00000000ef100000)
  from space 14848K, 70% used [0x00000000f0c80000,0x00000000f16b1b10,0x00000000f1b00000)
  to   space 21504K, 0% used [0x00000000ef100000,0x00000000ef100000,0x00000000f0600000)
 ParOldGen       total 74752K, used 33219K [0x00000000a0000000, 0x00000000a4900000, 0x00000000e0000000)
  object space 74752K, 44% used [0x00000000a0000000,0x00000000a2070c38,0x00000000a4900000)
 Metaspace       used 62480K, capacity 65020K, committed 65112K, reserved 1105920K
  class space    used 8278K, capacity 8783K, committed 8832K, reserved 1048576K

